[2018-09-21 16:40:37,914] multiqc                                            [DEBUG  ]  No MultiQC config found: /mnt/testscratch/lanno001/poreTally_20180921/envs/.snakemake/conda/67b2db9d/lib/python3.5/site-packages/multiqc_config.yaml
[2018-09-21 16:40:37,914] multiqc                                            [DEBUG  ]  No MultiQC config found: /home/lanno001/.multiqc_config.yaml
[2018-09-21 16:40:37,915] multiqc                                            [DEBUG  ]  No MultiQC config found: multiqc_config.yaml
[2018-09-21 16:40:37,915] multiqc                                            [DEBUG  ]  Command used: /mnt/testscratch/lanno001/poreTally_20180921/envs/.snakemake/conda/67b2db9d/bin/multiqc -i Assembler Benchmark report --filename REPORT -o . -f -p --tag assembler_benchmark --template assembler_benchmark /mnt/testscratch/lanno001/poreTally_20180921/analysis/summary/ --data-format yaml
[2018-09-21 16:40:38,065] multiqc                                            [WARNING]  MultiQC Version v1.6 now available!
[2018-09-21 16:40:38,065] multiqc                                            [INFO   ]  This is MultiQC v1.5.dev0
[2018-09-21 16:40:38,065] multiqc                                            [DEBUG  ]  Command     : /mnt/testscratch/lanno001/poreTally_20180921/envs/.snakemake/conda/67b2db9d/bin/multiqc -i Assembler Benchmark report --filename REPORT -o . -f -p --tag assembler_benchmark --template assembler_benchmark /mnt/testscratch/lanno001/poreTally_20180921/analysis/summary/ --data-format yaml
[2018-09-21 16:40:38,065] multiqc                                            [DEBUG  ]  Working dir : /mnt/testscratch/lanno001/poreTally_20180921/analysis/summary
[2018-09-21 16:40:38,065] multiqc                                            [INFO   ]  Template    : assembler_benchmark
[2018-09-21 16:40:38,065] multiqc                                            [INFO   ]  Report title: Assembler Benchmark report
[2018-09-21 16:40:38,065] multiqc                                            [INFO   ]  Searching '/mnt/testscratch/lanno001/poreTally_20180921/analysis/summary/'
[2018-09-21 16:40:38,066] multiqc                                            [INFO   ]  Only using modules with 'assembler_benchmark' tag
[2018-09-21 16:40:38,066] multiqc                                            [DEBUG  ]  Analysing modules: ab_methods_section, ab_read_quality, quast, jellyfish, mummerplot, ab_cpu_times, nucmer
[2018-09-21 16:40:38,067] multiqc                                            [DEBUG  ]  Using temporary directory for creating report: /tmp/tmpjcqln0t9
[2018-09-21 16:40:38,470] multiqc                                            [DEBUG  ]  Ignored search patterns as didn't match running modules: flexbar, fastqc/theoretical_gc, bbmap/aqhist, bowtie2, peddy/summary_table, conpair/concordance, goleft_indexcov/ped, star, bbmap/bhist, leehom, supernova/summary, picard/rrbs_metrics, bbmap/mhist, salmon/fld, bbmap/qahist, bbmap/bqhist, picard/alignment_metrics, bcftools/stats, supernova/kmers, bismark/align, peddy/sex_check, qorts, samtools/rmdup, htseq, rna_seqc/coverage, homer/LengthDistribution, bismark/meth_extract, hicexplorer, rseqc/junction_saturation, interop/index-summary, busco, bbmap/indelhist, cutadapt, rseqc/read_gc, slamdunk/PCA, bbmap/idhist, preseq, bismark/m_bias, featurecounts, deeptools/bamPEFragmentSize, slamdunk/tcperreadpos, qualimap/bamqc/genome_results, peddy/het_check, hicup, deeptools/plotCoverageStdout, deeptools/plotFingerprintOutQualityMetrics, bbmap/covhist, bcl2fastq, slamdunk/rates, homer/RestrictionDistribution, tophat, bbmap/gchist, homer/tagInfo, homer/GCcontent, slamdunk/tcperutrpos, peddy/ped_check, picard/gcbias, deeptools/plotCoverageOutRawCounts, goleft_indexcov/roc, deeptools/estimateReadFiltering, qualimap/bamqc/gc_dist, hisat2, slamdunk/summary, homer/FreqDistribution, picard/wgs_metrics, trimmomatic, fastq_screen, disambiguate, snpeff, vcftools/tstv_by_qual, verifybamid/selfsm, vcftools/tstv_summary, afterqc, clusterflow/logs, rna_seqc/correlation, rseqc/bam_stat, sortmerna, bbmap/ehist, biobloomtools, bbmap/ihist, clusterflow/runfiles, qualimap/rnaseq/rnaseq_results, deeptools/plotEnrichment, qualimap/bamqc/coverage, adapterRemoval, skewer, fastqc/data, prokka, bbmap/covstats, supernova/molecules, supernova/report, rsem, rseqc/infer_experiment, interop/summary, samtools/flagstat, bbmap/bincov, bamtools/stats, picard/basedistributionbycycle, kallisto, picard/hsmetrics, picard/rnaseqmetrics, rseqc/inner_distance, picard/markdups, theta2, bismark/bam2nuc, bbmap/qhist, salmon/meta, rseqc/read_duplication_pos, bowtie1, homer/genomeGCcontent, rseqc/read_distribution, qualimap/rnaseq/coverage, bbmap/rpkm, methylQA, gatk/varianteval, samtools/stats, vcftools/relatedness2, sargasso, picard/insertsize, qualimap/bamqc/insert_size, bbmap/statsfile_machine, deeptools/plotFingerprintOutRawCounts, preseq/real_counts, conpair/contamination, rna_seqc/metrics, rseqc/junction_annotation, custom_content, macs2, slamdunk/utrrates, star/genecounts, bbmap/statsfile, qualimap/bamqc/genome_fraction, vcftools/tstv_by_count, bbmap/lhist, rseqc/gene_body_coverage, picard/pcr_metrics, picard/oxogmetrics, gatk/base_recalibrator, bismark/dedup, samblaster, fastqc/zip, homer/findpeaks, samtools/idxstats
[2018-09-21 16:40:39,408] multiqc.modules.ab_read_quality.ab_read_quality    [INFO   ]  found nanostats file
[2018-09-21 16:40:41,231] multiqc.modules.quast.quast                        [INFO   ]  Found 1 reports
[2018-09-21 16:40:43,879] multiqc.modules.jellyfish.jellyfish                [INFO   ]  Found 0 histogram files
[2018-09-21 16:40:43,880] multiqc.modules.jellyfish.jellyfish                [INFO   ]  Found 2 count (dump) files
[2018-09-21 16:40:44,393] multiqc.modules.mummerplot.mummerplot              [INFO   ]  found mummerplot images
[2018-09-21 16:40:44,810] multiqc.modules.ab_cpu_times.ab_cpu_times          [INFO   ]  found CPU resource files
[2018-09-21 16:40:44,959] multiqc                                            [DEBUG  ]  No samples found: nucmer
[2018-09-21 16:40:44,968] multiqc                                            [INFO   ]  Compressing plot data
[2018-09-21 16:40:45,174] multiqc                                            [INFO   ]  Report      : multiqc_report/REPORT.html
[2018-09-21 16:40:45,174] multiqc                                            [INFO   ]  Data        : multiqc_report/REPORT_data
[2018-09-21 16:40:45,180] multiqc                                            [DEBUG  ]  Moving data file from '/tmp/tmpjcqln0t9/multiqc_data/mqc_quast_num_contigs_1.yaml' to './multiqc_report/REPORT_data'
[2018-09-21 16:40:45,217] multiqc                                            [DEBUG  ]  Moving data file from '/tmp/tmpjcqln0t9/multiqc_data/multiqc_sources.yaml' to './multiqc_report/REPORT_data'
[2018-09-21 16:40:45,254] multiqc                                            [DEBUG  ]  Moving data file from '/tmp/tmpjcqln0t9/multiqc_data/multiqc_quast.yaml' to './multiqc_report/REPORT_data'
[2018-09-21 16:40:45,288] multiqc                                            [DEBUG  ]  Moving data file from '/tmp/tmpjcqln0t9/multiqc_data/multiqc_data.json' to './multiqc_report/REPORT_data'
[2018-09-21 16:40:45,329] multiqc                                            [DEBUG  ]  Moving data file from '/tmp/tmpjcqln0t9/multiqc_data/cpu_usage.yaml' to './multiqc_report/REPORT_data'
[2018-09-21 16:40:45,360] multiqc                                            [DEBUG  ]  Moving data file from '/tmp/tmpjcqln0t9/multiqc_data/multiqc_general_stats.yaml' to './multiqc_report/REPORT_data'
[2018-09-21 16:40:45,385] multiqc                                            [DEBUG  ]  Moving data file from '/tmp/tmpjcqln0t9/multiqc_data/ab_methods.yaml' to './multiqc_report/REPORT_data'
[2018-09-21 16:40:45,421] multiqc                                            [DEBUG  ]  Moving data file from '/tmp/tmpjcqln0t9/multiqc_data/multiqc_readqual_summary.yaml' to './multiqc_report/REPORT_data'
[2018-09-21 16:40:45,463] multiqc                                            [INFO   ]  Plots       : multiqc_report/multiqc_plots
[2018-09-21 16:40:45,463] multiqc                                            [DEBUG  ]  Moving plots directory from '/tmp/tmpjcqln0t9/multiqc_plots/svg' to './multiqc_report/multiqc_plots'
[2018-09-21 16:40:45,550] multiqc                                            [DEBUG  ]  Moving plots directory from '/tmp/tmpjcqln0t9/multiqc_plots/pdf' to './multiqc_report/multiqc_plots'
[2018-09-21 16:40:45,641] multiqc                                            [DEBUG  ]  Moving plots directory from '/tmp/tmpjcqln0t9/multiqc_plots/png' to './multiqc_report/multiqc_plots'
[2018-09-21 16:40:47,748] multiqc                                            [INFO   ]  MultiQC complete
